This file contains any messages produced by compilers while
running configure, to aid debugging if configure makes a mistake.

It was created by libcstl configure 2.0.1, which was
generated by GNU Autoconf 2.63.  Invocation command line was

  $ ./configure CFLAGS=-g

## --------- ##
## Platform. ##
## --------- ##

hostname = ActiveServer
uname -m = x86_64
uname -r = 2.6.32.21-168.fc12.x86_64
uname -s = Linux
uname -v = #1 SMP Wed Sep 15 16:12:07 UTC 2010

/usr/bin/uname -p = unknown
/bin/uname -X     = unknown

/bin/arch              = x86_64
/usr/bin/arch -k       = unknown
/usr/convex/getsysinfo = unknown
/usr/bin/hostinfo      = unknown
/bin/machine           = unknown
/usr/bin/oslevel       = unknown
/bin/universe          = unknown

PATH: /usr/lib64/qt-3.3/bin
PATH: /usr/kerberos/sbin
PATH: /usr/kerberos/bin
PATH: /usr/lib64/ccache
PATH: /usr/local/bin
PATH: /bin
PATH: /usr/bin
PATH: /usr/local/sbin
PATH: /usr/sbin
PATH: /sbin
PATH: /home/wb/bin


## ----------- ##
## Core tests. ##
## ----------- ##

configure:2098: checking for a BSD-compatible install
configure:2166: result: /usr/bin/install -c
configure:2177: checking whether build environment is sane
configure:2237: result: yes
configure:2378: checking for a thread-safe mkdir -p
configure:2417: result: /bin/mkdir -p
configure:2430: checking for gawk
configure:2446: found /bin/gawk
configure:2457: result: gawk
configure:2468: checking whether make sets $(MAKE)
configure:2490: result: yes
configure:2625: checking for gcc
configure:2641: found /usr/lib64/ccache/gcc
configure:2652: result: gcc
configure:2884: checking for C compiler version
configure:2892: gcc --version >&5
gcc (GCC) 4.4.4 20100630 (Red Hat 4.4.4-10)
Copyright (C) 2010 Free Software Foundation, Inc.
This is free software; see the source for copying conditions.  There is NO
warranty; not even for MERCHANTABILITY or FITNESS FOR A PARTICULAR PURPOSE.

configure:2896: $? = 0
configure:2903: gcc -v >&5
Using built-in specs.
Target: x86_64-redhat-linux
Configured with: ../configure --prefix=/usr --mandir=/usr/share/man --infodir=/usr/share/info --with-bugurl=http://bugzilla.redhat.com/bugzilla --enable-bootstrap --enable-shared --enable-threads=posix --enable-checking=release --with-system-zlib --enable-__cxa_atexit --disable-libunwind-exceptions --enable-gnu-unique-object --enable-languages=c,c++,objc,obj-c++,java,fortran,ada --enable-java-awt=gtk --disable-dssi --enable-plugin --with-java-home=/usr/lib/jvm/java-1.5.0-gcj-1.5.0.0/jre --enable-libgcj-multifile --enable-java-maintainer-mode --with-ecj-jar=/usr/share/java/eclipse-ecj.jar --disable-libjava-multilib --with-ppl --with-cloog --with-tune=generic --with-arch_32=i686 --build=x86_64-redhat-linux
Thread model: posix
gcc version 4.4.4 20100630 (Red Hat 4.4.4-10) (GCC) 
configure:2907: $? = 0
configure:2914: gcc -V >&5
gcc: '-V' option must have argument
configure:2918: $? = 1
configure:2941: checking for C compiler default output file name
configure:2963: gcc -g   conftest.c  >&5
configure:2967: $? = 0
configure:3005: result: a.out
configure:3024: checking whether the C compiler works
configure:3034: ./a.out
configure:3038: $? = 0
configure:3057: result: yes
configure:3064: checking whether we are cross compiling
configure:3066: result: no
configure:3069: checking for suffix of executables
configure:3076: gcc -o conftest -g   conftest.c  >&5
configure:3080: $? = 0
configure:3106: result: 
configure:3112: checking for suffix of object files
configure:3138: gcc -c -g  conftest.c >&5
configure:3142: $? = 0
configure:3167: result: o
configure:3171: checking whether we are using the GNU C compiler
configure:3200: gcc -c -g  conftest.c >&5
configure:3207: $? = 0
configure:3224: result: yes
configure:3233: checking whether gcc accepts -g
configure:3263: gcc -c -g  conftest.c >&5
configure:3270: $? = 0
configure:3371: result: yes
configure:3388: checking for gcc option to accept ISO C89
configure:3462: gcc  -c -g  conftest.c >&5
configure:3469: $? = 0
configure:3492: result: none needed
configure:3521: checking for style of include used by make
configure:3549: result: GNU
configure:3574: checking dependency style of gcc
configure:3684: result: gcc3
configure:3742: checking for ranlib
configure:3758: found /usr/bin/ranlib
configure:3769: result: ranlib
configure:3822: checking build system type
configure:3840: result: x86_64-unknown-linux-gnu
configure:3862: checking host system type
configure:3877: result: x86_64-unknown-linux-gnu
configure:3899: checking for a sed that does not truncate output
configure:3965: result: /bin/sed
configure:3983: checking for grep that handles long lines and -e
configure:4043: result: /bin/grep
configure:4048: checking for egrep
configure:4112: result: /bin/grep -E
configure:4117: checking for fgrep
configure:4181: result: /bin/grep -F
configure:4216: checking for ld used by gcc
configure:4283: result: /usr/bin/ld
configure:4292: checking if the linker (/usr/bin/ld) is GNU ld
configure:4307: result: yes
configure:4319: checking for BSD- or MS-compatible name lister (nm)
configure:4368: result: /usr/bin/nm -B
configure:4486: checking the name lister (/usr/bin/nm -B) interface
configure:4493: gcc -c -g  conftest.c >&5
configure:4496: /usr/bin/nm -B "conftest.o"
configure:4499: output
0000000000000000 B some_variable
configure:4506: result: BSD nm
configure:4509: checking whether ln -s works
configure:4513: result: yes
configure:4521: checking the maximum length of command line arguments
configure:4641: result: 1966080
configure:4658: checking whether the shell understands some XSI constructs
configure:4668: result: yes
configure:4672: checking whether the shell understands "+="
configure:4678: result: yes
configure:4713: checking for /usr/bin/ld option to reload object files
configure:4720: result: -r
configure:4789: checking for objdump
configure:4805: found /usr/bin/objdump
configure:4816: result: objdump
configure:4848: checking how to recognize dependent libraries
configure:5044: result: pass_all
configure:5104: checking for ar
configure:5120: found /usr/bin/ar
configure:5131: result: ar
configure:5209: checking for strip
configure:5225: found /usr/bin/strip
configure:5236: result: strip
configure:5308: checking for ranlib
configure:5335: result: ranlib
configure:5425: checking command to parse /usr/bin/nm -B output from gcc object
configure:5543: gcc -c -g  conftest.c >&5
configure:5546: $? = 0
configure:5550: /usr/bin/nm -B conftest.o \| sed -n -e 's/^.*[	 ]\([ABCDGIRSTW][ABCDGIRSTW]*\)[	 ][	 ]*\([_A-Za-z][_A-Za-z0-9]*\)$/\1 \2 \2/p' \> conftest.nm
configure:5553: $? = 0
configure:5607: gcc -o conftest -g   conftest.c conftstm.o >&5
configure:5610: $? = 0
configure:5648: result: ok
configure:5744: gcc -c -g  conftest.c >&5
configure:5747: $? = 0
configure:6515: checking how to run the C preprocessor
configure:6555: gcc -E  conftest.c
configure:6562: $? = 0
configure:6593: gcc -E  conftest.c
conftest.c:10:28: error: ac_nonexistent.h: No such file or directory
configure:6600: $? = 1
configure: failed program was:
| /* confdefs.h.  */
| #define PACKAGE_NAME "libcstl"
| #define PACKAGE_TARNAME "libcstl"
| #define PACKAGE_VERSION "2.0.1"
| #define PACKAGE_STRING "libcstl 2.0.1"
| #define PACKAGE_BUGREPORT "activesys.wb@gmail.com"
| #define PACKAGE "libcstl"
| #define VERSION "2.0.1"
| /* end confdefs.h.  */
| #include <ac_nonexistent.h>
configure:6633: result: gcc -E
configure:6662: gcc -E  conftest.c
configure:6669: $? = 0
configure:6700: gcc -E  conftest.c
conftest.c:10:28: error: ac_nonexistent.h: No such file or directory
configure:6707: $? = 1
configure: failed program was:
| /* confdefs.h.  */
| #define PACKAGE_NAME "libcstl"
| #define PACKAGE_TARNAME "libcstl"
| #define PACKAGE_VERSION "2.0.1"
| #define PACKAGE_STRING "libcstl 2.0.1"
| #define PACKAGE_BUGREPORT "activesys.wb@gmail.com"
| #define PACKAGE "libcstl"
| #define VERSION "2.0.1"
| /* end confdefs.h.  */
| #include <ac_nonexistent.h>
configure:6747: checking for ANSI C header files
configure:6777: gcc -c -g  conftest.c >&5
configure:6784: $? = 0
configure:6883: gcc -o conftest -g   conftest.c  >&5
configure:6887: $? = 0
configure:6893: ./conftest
configure:6897: $? = 0
configure:6915: result: yes
configure:6939: checking for sys/types.h
configure:6960: gcc -c -g  conftest.c >&5
configure:6967: $? = 0
configure:6984: result: yes
configure:6939: checking for sys/stat.h
configure:6960: gcc -c -g  conftest.c >&5
configure:6967: $? = 0
configure:6984: result: yes
configure:6939: checking for stdlib.h
configure:6960: gcc -c -g  conftest.c >&5
configure:6967: $? = 0
configure:6984: result: yes
configure:6939: checking for string.h
configure:6960: gcc -c -g  conftest.c >&5
configure:6967: $? = 0
configure:6984: result: yes
configure:6939: checking for memory.h
configure:6960: gcc -c -g  conftest.c >&5
configure:6967: $? = 0
configure:6984: result: yes
configure:6939: checking for strings.h
configure:6960: gcc -c -g  conftest.c >&5
configure:6967: $? = 0
configure:6984: result: yes
configure:6939: checking for inttypes.h
configure:6960: gcc -c -g  conftest.c >&5
configure:6967: $? = 0
configure:6984: result: yes
configure:6939: checking for stdint.h
configure:6960: gcc -c -g  conftest.c >&5
configure:6967: $? = 0
configure:6984: result: yes
configure:6939: checking for unistd.h
configure:6960: gcc -c -g  conftest.c >&5
configure:6967: $? = 0
configure:6984: result: yes
configure:7002: checking for dlfcn.h
configure:7023: gcc -c -g  conftest.c >&5
configure:7030: $? = 0
configure:7047: result: yes
configure:7233: checking for objdir
configure:7248: result: .libs
configure:7540: checking if gcc supports -fno-rtti -fno-exceptions
configure:7558: gcc -c -g  -fno-rtti -fno-exceptions conftest.c >&5
cc1: warning: command line option "-fno-rtti" is valid for C++/ObjC++ but not for C
cc1: warning: command line option "-fno-rtti" is valid for C++/ObjC++ but not for C
configure:7562: $? = 0
configure:7575: result: no
configure:7595: checking for gcc option to produce PIC
configure:7867: result: -fPIC -DPIC
configure:7879: checking if gcc PIC flag -fPIC -DPIC works
configure:7897: gcc -c -g  -fPIC -DPIC -DPIC conftest.c >&5
configure:7901: $? = 0
configure:7914: result: yes
configure:7938: checking if gcc static flag -static works
configure:7966: result: no
configure:7981: checking if gcc supports -c -o file.o
configure:8002: gcc -c -g  -o out/conftest2.o conftest.c >&5
configure:8006: $? = 0
configure:8028: result: yes
configure:8036: checking if gcc supports -c -o file.o
configure:8083: result: yes
configure:8116: checking whether the gcc linker (/usr/bin/ld -m elf_x86_64) supports shared libraries
configure:9190: result: yes
configure:9227: checking whether -lc should be explicitly linked in
configure:9232: gcc -c -g  conftest.c >&5
configure:9235: $? = 0
configure:9250: gcc -shared conftest.o  -v -Wl,-soname -Wl,conftest -o conftest 2\>\&1 \| /bin/grep  -lc  \>/dev/null 2\>\&1
configure:9253: $? = 0
configure:9265: result: no
configure:9429: checking dynamic linker characteristics
configure:9872: gcc -o conftest -g   -Wl,-rpath -Wl,/foo conftest.c  >&5
configure:9879: $? = 0
configure:10115: result: GNU/Linux ld.so
configure:10217: checking how to hardcode library paths into programs
configure:10242: result: immediate
configure:11075: checking whether stripping libraries is possible
configure:11080: result: yes
configure:11115: checking if libtool supports shared libraries
configure:11117: result: yes
configure:11120: checking whether to build shared libraries
configure:11141: result: yes
configure:11144: checking whether to build static libraries
configure:11148: result: yes
configure:11188: checking whether to enable assertions
configure:11200: result: yes
configure:11207: checking for size_t
configure:11235: gcc -c -g  conftest.c >&5
configure:11242: $? = 0
configure:11269: gcc -c -g  conftest.c >&5
conftest.c: In function 'main':
conftest.c:58: error: expected expression before ')' token
configure:11276: $? = 1
configure: failed program was:
| /* confdefs.h.  */
| #define PACKAGE_NAME "libcstl"
| #define PACKAGE_TARNAME "libcstl"
| #define PACKAGE_VERSION "2.0.1"
| #define PACKAGE_STRING "libcstl 2.0.1"
| #define PACKAGE_BUGREPORT "activesys.wb@gmail.com"
| #define PACKAGE "libcstl"
| #define VERSION "2.0.1"
| #define STDC_HEADERS 1
| #define HAVE_SYS_TYPES_H 1
| #define HAVE_SYS_STAT_H 1
| #define HAVE_STDLIB_H 1
| #define HAVE_STRING_H 1
| #define HAVE_MEMORY_H 1
| #define HAVE_STRINGS_H 1
| #define HAVE_INTTYPES_H 1
| #define HAVE_STDINT_H 1
| #define HAVE_UNISTD_H 1
| #define HAVE_DLFCN_H 1
| #define LT_OBJDIR ".libs/"
| /* end confdefs.h.  */
| #include <stdio.h>
| #ifdef HAVE_SYS_TYPES_H
| # include <sys/types.h>
| #endif
| #ifdef HAVE_SYS_STAT_H
| # include <sys/stat.h>
| #endif
| #ifdef STDC_HEADERS
| # include <stdlib.h>
| # include <stddef.h>
| #else
| # ifdef HAVE_STDLIB_H
| #  include <stdlib.h>
| # endif
| #endif
| #ifdef HAVE_STRING_H
| # if !defined STDC_HEADERS && defined HAVE_MEMORY_H
| #  include <memory.h>
| # endif
| # include <string.h>
| #endif
| #ifdef HAVE_STRINGS_H
| # include <strings.h>
| #endif
| #ifdef HAVE_INTTYPES_H
| # include <inttypes.h>
| #endif
| #ifdef HAVE_STDINT_H
| # include <stdint.h>
| #endif
| #ifdef HAVE_UNISTD_H
| # include <unistd.h>
| #endif
| int
| main ()
| {
| if (sizeof ((size_t)))
| 	  return 0;
|   ;
|   return 0;
| }
configure:11299: result: yes
configure:11311: checking for gcc option to accept ISO C99
configure:11470: gcc  -c -g  conftest.c >&5
conftest.c:72: error: expected ';', ',' or ')' before 'text'
conftest.c: In function 'main':
conftest.c:126: error: expected '=', ',', ';', 'asm' or '__attribute__' before 'newvar'
conftest.c:126: error: 'newvar' undeclared (first use in this function)
conftest.c:126: error: (Each undeclared identifier is reported only once
conftest.c:126: error: for each function it appears in.)
conftest.c:136: error: 'for' loop initial declarations are only allowed in C99 mode
conftest.c:136: note: use option -std=c99 or -std=gnu99 to compile your code
configure:11477: $? = 1
configure: failed program was:
| /* confdefs.h.  */
| #define PACKAGE_NAME "libcstl"
| #define PACKAGE_TARNAME "libcstl"
| #define PACKAGE_VERSION "2.0.1"
| #define PACKAGE_STRING "libcstl 2.0.1"
| #define PACKAGE_BUGREPORT "activesys.wb@gmail.com"
| #define PACKAGE "libcstl"
| #define VERSION "2.0.1"
| #define STDC_HEADERS 1
| #define HAVE_SYS_TYPES_H 1
| #define HAVE_SYS_STAT_H 1
| #define HAVE_STDLIB_H 1
| #define HAVE_STRING_H 1
| #define HAVE_MEMORY_H 1
| #define HAVE_STRINGS_H 1
| #define HAVE_INTTYPES_H 1
| #define HAVE_STDINT_H 1
| #define HAVE_UNISTD_H 1
| #define HAVE_DLFCN_H 1
| #define LT_OBJDIR ".libs/"
| /* end confdefs.h.  */
| #include <stdarg.h>
| #include <stdbool.h>
| #include <stdlib.h>
| #include <wchar.h>
| #include <stdio.h>
| 
| // Check varargs macros.  These examples are taken from C99 6.10.3.5.
| #define debug(...) fprintf (stderr, __VA_ARGS__)
| #define showlist(...) puts (#__VA_ARGS__)
| #define report(test,...) ((test) ? puts (#test) : printf (__VA_ARGS__))
| static void
| test_varargs_macros (void)
| {
|   int x = 1234;
|   int y = 5678;
|   debug ("Flag");
|   debug ("X = %d\n", x);
|   showlist (The first, second, and third items.);
|   report (x>y, "x is %d but y is %d", x, y);
| }
| 
| // Check long long types.
| #define BIG64 18446744073709551615ull
| #define BIG32 4294967295ul
| #define BIG_OK (BIG64 / BIG32 == 4294967297ull && BIG64 % BIG32 == 0)
| #if !BIG_OK
|   your preprocessor is broken;
| #endif
| #if BIG_OK
| #else
|   your preprocessor is broken;
| #endif
| static long long int bignum = -9223372036854775807LL;
| static unsigned long long int ubignum = BIG64;
| 
| struct incomplete_array
| {
|   int datasize;
|   double data[];
| };
| 
| struct named_init {
|   int number;
|   const wchar_t *name;
|   double average;
| };
| 
| typedef const char *ccp;
| 
| static inline int
| test_restrict (ccp restrict text)
| {
|   // See if C++-style comments work.
|   // Iterate through items via the restricted pointer.
|   // Also check for declarations in for loops.
|   for (unsigned int i = 0; *(text+i) != '\0'; ++i)
|     continue;
|   return 0;
| }
| 
| // Check varargs and va_copy.
| static void
| test_varargs (const char *format, ...)
| {
|   va_list args;
|   va_start (args, format);
|   va_list args_copy;
|   va_copy (args_copy, args);
| 
|   const char *str;
|   int number;
|   float fnumber;
| 
|   while (*format)
|     {
|       switch (*format++)
| 	{
| 	case 's': // string
| 	  str = va_arg (args_copy, const char *);
| 	  break;
| 	case 'd': // int
| 	  number = va_arg (args_copy, int);
| 	  break;
| 	case 'f': // float
| 	  fnumber = va_arg (args_copy, double);
| 	  break;
| 	default:
| 	  break;
| 	}
|     }
|   va_end (args_copy);
|   va_end (args);
| }
| 
| int
| main ()
| {
| 
|   // Check bool.
|   _Bool success = false;
| 
|   // Check restrict.
|   if (test_restrict ("String literal") == 0)
|     success = true;
|   char *restrict newvar = "Another string";
| 
|   // Check varargs.
|   test_varargs ("s, d' f .", "string", 65, 34.234);
|   test_varargs_macros ();
| 
|   // Check flexible array members.
|   struct incomplete_array *ia =
|     malloc (sizeof (struct incomplete_array) + (sizeof (double) * 10));
|   ia->datasize = 10;
|   for (int i = 0; i < ia->datasize; ++i)
|     ia->data[i] = i * 1.234;
| 
|   // Check named initializers.
|   struct named_init ni = {
|     .number = 34,
|     .name = L"Test wide string",
|     .average = 543.34343,
|   };
| 
|   ni.number = 58;
| 
|   int dynamic_array[ni.number];
|   dynamic_array[ni.number - 1] = 543;
| 
|   // work around unused variable warnings
|   return (!success || bignum == 0LL || ubignum == 0uLL || newvar[0] == 'x'
| 	  || dynamic_array[ni.number - 1] != 543);
| 
|   ;
|   return 0;
| }
configure:11470: gcc -std=gnu99 -c -g  conftest.c >&5
configure:11477: $? = 0
configure:11507: result: -std=gnu99
configure:11513: checking for an ANSI C-conforming const
configure:11588: gcc -std=gnu99 -c -g  conftest.c >&5
configure:11595: $? = 0
configure:11610: result: yes
configure:11627: checking for stdlib.h
configure:11634: result: yes
configure:11773: checking for GNU libc compatible malloc
configure:11807: gcc -std=gnu99 -o conftest -g   conftest.c  >&5
configure:11811: $? = 0
configure:11817: ./conftest
configure:11821: $? = 0
configure:11838: result: yes
configure:12095: creating ./config.status

## ---------------------- ##
## Running config.status. ##
## ---------------------- ##

This file was extended by libcstl config.status 2.0.1, which was
generated by GNU Autoconf 2.63.  Invocation command line was

  CONFIG_FILES    = 
  CONFIG_HEADERS  = 
  CONFIG_LINKS    = 
  CONFIG_COMMANDS = 
  $ ./config.status 

on ActiveServer

config.status:995: creating Makefile
config.status:995: creating cstl/Makefile
config.status:995: creating src/Makefile
config.status:995: creating build-win/Makefile
config.status:995: creating build-win/vc8/Makefile
config.status:995: creating build-win/vc9/Makefile
config.status:995: creating doc/Makefile
config.status:995: creating doc/user/Makefile
config.status:995: creating test/Makefile
config.status:995: creating test/ut/Makefile
config.status:995: creating test/it/Makefile
config.status:995: creating config.h
config.status:1217: config.h is unchanged
config.status:1269: executing depfiles commands
config.status:1269: executing libtool commands

## ---------------- ##
## Cache variables. ##
## ---------------- ##

ac_cv_build=x86_64-unknown-linux-gnu
ac_cv_c_compiler_gnu=yes
ac_cv_c_const=yes
ac_cv_env_CC_set=
ac_cv_env_CC_value=
ac_cv_env_CFLAGS_set=set
ac_cv_env_CFLAGS_value=-g
ac_cv_env_CPPFLAGS_set=
ac_cv_env_CPPFLAGS_value=
ac_cv_env_CPP_set=
ac_cv_env_CPP_value=
ac_cv_env_LDFLAGS_set=
ac_cv_env_LDFLAGS_value=
ac_cv_env_LIBS_set=
ac_cv_env_LIBS_value=
ac_cv_env_build_alias_set=
ac_cv_env_build_alias_value=
ac_cv_env_host_alias_set=
ac_cv_env_host_alias_value=
ac_cv_env_target_alias_set=
ac_cv_env_target_alias_value=
ac_cv_func_malloc_0_nonnull=yes
ac_cv_header_dlfcn_h=yes
ac_cv_header_inttypes_h=yes
ac_cv_header_memory_h=yes
ac_cv_header_stdc=yes
ac_cv_header_stdint_h=yes
ac_cv_header_stdlib_h=yes
ac_cv_header_string_h=yes
ac_cv_header_strings_h=yes
ac_cv_header_sys_stat_h=yes
ac_cv_header_sys_types_h=yes
ac_cv_header_unistd_h=yes
ac_cv_host=x86_64-unknown-linux-gnu
ac_cv_objext=o
ac_cv_path_EGREP='/bin/grep -E'
ac_cv_path_FGREP='/bin/grep -F'
ac_cv_path_GREP=/bin/grep
ac_cv_path_SED=/bin/sed
ac_cv_path_install='/usr/bin/install -c'
ac_cv_path_mkdir=/bin/mkdir
ac_cv_prog_AWK=gawk
ac_cv_prog_CPP='gcc -E'
ac_cv_prog_ac_ct_AR=ar
ac_cv_prog_ac_ct_CC=gcc
ac_cv_prog_ac_ct_OBJDUMP=objdump
ac_cv_prog_ac_ct_RANLIB=ranlib
ac_cv_prog_ac_ct_STRIP=strip
ac_cv_prog_cc_c89=
ac_cv_prog_cc_c99=-std=gnu99
ac_cv_prog_cc_g=yes
ac_cv_prog_make_make_set=yes
ac_cv_type_size_t=yes
am_cv_CC_dependencies_compiler_type=gcc3
lt_cv_deplibs_check_method=pass_all
lt_cv_file_magic_cmd='$MAGIC_CMD'
lt_cv_file_magic_test_file=
lt_cv_ld_reload_flag=-r
lt_cv_nm_interface='BSD nm'
lt_cv_objdir=.libs
lt_cv_path_LD=/usr/bin/ld
lt_cv_path_NM='/usr/bin/nm -B'
lt_cv_prog_compiler_c_o=yes
lt_cv_prog_compiler_pic_works=yes
lt_cv_prog_compiler_rtti_exceptions=no
lt_cv_prog_compiler_static_works=no
lt_cv_prog_gnu_ld=yes
lt_cv_sys_global_symbol_pipe='sed -n -e '\''s/^.*[	 ]\([ABCDGIRSTW][ABCDGIRSTW]*\)[	 ][	 ]*\([_A-Za-z][_A-Za-z0-9]*\)$/\1 \2 \2/p'\'''
lt_cv_sys_global_symbol_to_c_name_address='sed -n -e '\''s/^: \([^ ]*\) $/  {\"\1\", (void *) 0},/p'\'' -e '\''s/^[ABCDGIRSTW]* \([^ ]*\) \([^ ]*\)$/  {"\2", (void *) \&\2},/p'\'''
lt_cv_sys_global_symbol_to_c_name_address_lib_prefix='sed -n -e '\''s/^: \([^ ]*\) $/  {\"\1\", (void *) 0},/p'\'' -e '\''s/^[ABCDGIRSTW]* \([^ ]*\) \(lib[^ ]*\)$/  {"\2", (void *) \&\2},/p'\'' -e '\''s/^[ABCDGIRSTW]* \([^ ]*\) \([^ ]*\)$/  {"lib\2", (void *) \&\2},/p'\'''
lt_cv_sys_global_symbol_to_cdecl='sed -n -e '\''s/^T .* \(.*\)$/extern int \1();/p'\'' -e '\''s/^[ABCDGIRSTW]* .* \(.*\)$/extern char \1;/p'\'''
lt_cv_sys_max_cmd_len=1966080

## ----------------- ##
## Output variables. ##
## ----------------- ##

ACLOCAL='${SHELL} /home/wb/project/libcstl/trunk/missing --run aclocal-1.11'
AMDEPBACKSLASH='\'
AMDEP_FALSE='#'
AMDEP_TRUE=''
AMTAR='${SHELL} /home/wb/project/libcstl/trunk/missing --run tar'
AR='ar'
AUTOCONF='${SHELL} /home/wb/project/libcstl/trunk/missing --run autoconf'
AUTOHEADER='${SHELL} /home/wb/project/libcstl/trunk/missing --run autoheader'
AUTOMAKE='${SHELL} /home/wb/project/libcstl/trunk/missing --run automake-1.11'
AWK='gawk'
CC='gcc -std=gnu99'
CCDEPMODE='depmode=gcc3'
CFLAGS='-g'
CPP='gcc -E'
CPPFLAGS=''
CYGPATH_W='echo'
DEFS='-DHAVE_CONFIG_H'
DEPDIR='.deps'
DSYMUTIL=''
DUMPBIN=''
ECHO_C=''
ECHO_N='-n'
ECHO_T=''
EGREP='/bin/grep -E'
EXEEXT=''
FGREP='/bin/grep -F'
GREP='/bin/grep'
INSTALL_DATA='${INSTALL} -m 644'
INSTALL_PROGRAM='${INSTALL}'
INSTALL_SCRIPT='${INSTALL}'
INSTALL_STRIP_PROGRAM='$(install_sh) -c -s'
LD='/usr/bin/ld -m elf_x86_64'
LDFLAGS=''
LIBOBJS=''
LIBS=''
LIBTOOL='$(SHELL) $(top_builddir)/libtool'
LIPO=''
LN_S='ln -s'
LTLIBOBJS=''
MAKEINFO='${SHELL} /home/wb/project/libcstl/trunk/missing --run makeinfo'
MKDIR_P='/bin/mkdir -p'
NM='/usr/bin/nm -B'
NMEDIT=''
OBJDUMP='objdump'
OBJEXT='o'
OTOOL64=''
OTOOL=''
PACKAGE='libcstl'
PACKAGE_BUGREPORT='activesys.wb@gmail.com'
PACKAGE_NAME='libcstl'
PACKAGE_STRING='libcstl 2.0.1'
PACKAGE_TARNAME='libcstl'
PACKAGE_VERSION='2.0.1'
PATH_SEPARATOR=':'
RANLIB='ranlib'
SED='/bin/sed'
SET_MAKE=''
SHELL='/bin/sh'
STRIP='strip'
VERSION='2.0.1'
ac_ct_CC='gcc'
ac_ct_DUMPBIN=''
am__EXEEXT_FALSE=''
am__EXEEXT_TRUE='#'
am__fastdepCC_FALSE='#'
am__fastdepCC_TRUE=''
am__include='include'
am__isrc=''
am__leading_dot='.'
am__quote=''
am__tar='${AMTAR} chof - "$$tardir"'
am__untar='${AMTAR} xf -'
bindir='${exec_prefix}/bin'
build='x86_64-unknown-linux-gnu'
build_alias=''
build_cpu='x86_64'
build_os='linux-gnu'
build_vendor='unknown'
datadir='${datarootdir}'
datarootdir='${prefix}/share'
docdir='${datarootdir}/doc/${PACKAGE_TARNAME}'
dvidir='${docdir}'
exec_prefix='${prefix}'
host='x86_64-unknown-linux-gnu'
host_alias=''
host_cpu='x86_64'
host_os='linux-gnu'
host_vendor='unknown'
htmldir='${docdir}'
includedir='${prefix}/include'
infodir='${datarootdir}/info'
install_sh='${SHELL} /home/wb/project/libcstl/trunk/install-sh'
libdir='${exec_prefix}/lib'
libexecdir='${exec_prefix}/libexec'
localedir='${datarootdir}/locale'
localstatedir='${prefix}/var'
lt_ECHO='echo'
mandir='${datarootdir}/man'
mkdir_p='/bin/mkdir -p'
oldincludedir='/usr/include'
pdfdir='${docdir}'
prefix='/usr/local'
program_transform_name='s,x,x,'
psdir='${docdir}'
sbindir='${exec_prefix}/sbin'
sharedstatedir='${prefix}/com'
sysconfdir='${prefix}/etc'
target_alias=''

## ----------- ##
## confdefs.h. ##
## ----------- ##

#define PACKAGE_NAME "libcstl"
#define PACKAGE_TARNAME "libcstl"
#define PACKAGE_VERSION "2.0.1"
#define PACKAGE_STRING "libcstl 2.0.1"
#define PACKAGE_BUGREPORT "activesys.wb@gmail.com"
#define PACKAGE "libcstl"
#define VERSION "2.0.1"
#define STDC_HEADERS 1
#define HAVE_SYS_TYPES_H 1
#define HAVE_SYS_STAT_H 1
#define HAVE_STDLIB_H 1
#define HAVE_STRING_H 1
#define HAVE_MEMORY_H 1
#define HAVE_STRINGS_H 1
#define HAVE_INTTYPES_H 1
#define HAVE_STDINT_H 1
#define HAVE_UNISTD_H 1
#define HAVE_DLFCN_H 1
#define LT_OBJDIR ".libs/"
#define HAVE_STDLIB_H 1
#define HAVE_MALLOC 1

configure: exit 0

## ---------------------- ##
## Running config.status. ##
## ---------------------- ##

This file was extended by libcstl config.status 2.0.1, which was
generated by GNU Autoconf 2.63.  Invocation command line was

  CONFIG_FILES    = 
  CONFIG_HEADERS  = 
  CONFIG_LINKS    = 
  CONFIG_COMMANDS = 
  $ ./config.status test/ut/Makefile depfiles

on ActiveServer

config.status:995: creating test/ut/Makefile
config.status:1269: executing depfiles commands

## ---------------------- ##
## Running config.status. ##
## ---------------------- ##

This file was extended by libcstl config.status 2.0.1, which was
generated by GNU Autoconf 2.63.  Invocation command line was

  CONFIG_FILES    = 
  CONFIG_HEADERS  = 
  CONFIG_LINKS    = 
  CONFIG_COMMANDS = 
  $ ./config.status test/ut/Makefile depfiles

on ActiveServer

config.status:995: creating test/ut/Makefile
config.status:1269: executing depfiles commands
